Performing C SOURCE FILE Test CMAKE_HAVE_LIBC_PTHREAD failed with the following output:
Change Dir: /home/poweruser/junda.feng/GPU-Tensor-Permute/build/CMakeFiles/CMakeScratch/TryCompile-wad4fg

Run Build Command(s):/usr/bin/make -f Makefile cmTC_aeddc/fast && /usr/bin/make  -f CMakeFiles/cmTC_aeddc.dir/build.make CMakeFiles/cmTC_aeddc.dir/build
make[1]: Entering directory '/home/poweruser/junda.feng/GPU-Tensor-Permute/build/CMakeFiles/CMakeScratch/TryCompile-wad4fg'
Building C object CMakeFiles/cmTC_aeddc.dir/src.c.o
/usr/bin/cc -DCMAKE_HAVE_LIBC_PTHREAD  -fPIC  -o CMakeFiles/cmTC_aeddc.dir/src.c.o -c /home/poweruser/junda.feng/GPU-Tensor-Permute/build/CMakeFiles/CMakeScratch/TryCompile-wad4fg/src.c
Linking C executable cmTC_aeddc
/usr/local/bin/cmake -E cmake_link_script CMakeFiles/cmTC_aeddc.dir/link.txt --verbose=1
/usr/bin/cc -fPIC  CMakeFiles/cmTC_aeddc.dir/src.c.o -o cmTC_aeddc 
CMakeFiles/cmTC_aeddc.dir/src.c.o: In function `main':
src.c:(.text+0x3e): undefined reference to `pthread_create'
src.c:(.text+0x4a): undefined reference to `pthread_detach'
src.c:(.text+0x56): undefined reference to `pthread_cancel'
src.c:(.text+0x67): undefined reference to `pthread_join'
src.c:(.text+0x7b): undefined reference to `pthread_atfork'
collect2: error: ld returned 1 exit status
CMakeFiles/cmTC_aeddc.dir/build.make:98: recipe for target 'cmTC_aeddc' failed
make[1]: *** [cmTC_aeddc] Error 1
make[1]: Leaving directory '/home/poweruser/junda.feng/GPU-Tensor-Permute/build/CMakeFiles/CMakeScratch/TryCompile-wad4fg'
Makefile:127: recipe for target 'cmTC_aeddc/fast' failed
make: *** [cmTC_aeddc/fast] Error 2


Source file was:
#include <pthread.h>

static void* test_func(void* data)
{
  return data;
}

int main(void)
{
  pthread_t thread;
  pthread_create(&thread, NULL, test_func, NULL);
  pthread_detach(thread);
  pthread_cancel(thread);
  pthread_join(thread, NULL);
  pthread_atfork(NULL, NULL, NULL);
  pthread_exit(NULL);

  return 0;
}


Determining if the function pthread_create exists in the pthreads failed with the following output:
Change Dir: /home/poweruser/junda.feng/GPU-Tensor-Permute/build/CMakeFiles/CMakeScratch/TryCompile-jwyLsI

Run Build Command(s):/usr/bin/make -f Makefile cmTC_dc2c7/fast && /usr/bin/make  -f CMakeFiles/cmTC_dc2c7.dir/build.make CMakeFiles/cmTC_dc2c7.dir/build
make[1]: Entering directory '/home/poweruser/junda.feng/GPU-Tensor-Permute/build/CMakeFiles/CMakeScratch/TryCompile-jwyLsI'
Building C object CMakeFiles/cmTC_dc2c7.dir/CheckFunctionExists.c.o
/usr/bin/cc   -fPIC -DCHECK_FUNCTION_EXISTS=pthread_create -o CMakeFiles/cmTC_dc2c7.dir/CheckFunctionExists.c.o -c /home/poweruser/junda.feng/GPU-Tensor-Permute/build/CMakeFiles/CMakeScratch/TryCompile-jwyLsI/CheckFunctionExists.c
Linking C executable cmTC_dc2c7
/usr/local/bin/cmake -E cmake_link_script CMakeFiles/cmTC_dc2c7.dir/link.txt --verbose=1
/usr/bin/cc -fPIC -DCHECK_FUNCTION_EXISTS=pthread_create CMakeFiles/cmTC_dc2c7.dir/CheckFunctionExists.c.o -o cmTC_dc2c7  -lpthreads 
/usr/bin/ld: cannot find -lpthreads
collect2: error: ld returned 1 exit status
CMakeFiles/cmTC_dc2c7.dir/build.make:98: recipe for target 'cmTC_dc2c7' failed
make[1]: *** [cmTC_dc2c7] Error 1
make[1]: Leaving directory '/home/poweruser/junda.feng/GPU-Tensor-Permute/build/CMakeFiles/CMakeScratch/TryCompile-jwyLsI'
Makefile:127: recipe for target 'cmTC_dc2c7/fast' failed
make: *** [cmTC_dc2c7/fast] Error 2



